<?xml version="1.0" encoding="UTF-8"?>
<!-- Generated by org.testng.reporters.JUnitXMLReporter -->
<testsuite hostname="MacBook-Air-Macbook.local" ignored="0" name="Command line test" tests="7" failures="0" timestamp="08 мар 2020 17:40:38 GMT" time="45.268" errors="0">
  <testcase name="jsAlertAcceptTest" time="0.595" classname="test.JavaScriptAlertsPageTest"/>
  <testcase name="jsConfirmAlertDismissTest" time="0.452" classname="test.JavaScriptAlertsPageTest"/>
  <testcase name="jsPromptAlertTest" time="0.492" classname="test.JavaScriptAlertsPageTest"/>
  <testcase name="horizontalSliderTest" time="0.691" classname="test.HorizontalSliderTest"/>
  <testcase name="dynamicLoadingExample2Test" time="6.065" classname="test.DynamicLoadingTest"/>
  <testcase name="dropdownTestPage" time="0.673" classname="test.DropDownPageTest"/>
  <testcase name="hoverOverTest" time="0.738" classname="test.HoverTest"/>
</testsuite> <!-- Command line test -->
